<?xml version="1.0" encoding="UTF-8"?>
<!-- Generated by org.testng.reporters.JUnitReportReporter -->
<testsuite hostname="Testing-Sys337" failures="0" tests="1" name="Schemavalidation.Hamcrest" time="0.314" errors="0" timestamp="2025-06-03T12:10:11 IST" skipped="0">
  <testcase classname="Schemavalidation.Hamcrest" name="validate" time="0.314"/>
  <system-out/>
</testsuite> <!-- Schemavalidation.Hamcrest -->
