<?xml version="1.0" encoding="UTF-8"?>
<!-- Generated by org.testng.reporters.JUnitReportReporter -->
<testsuite hostname="Testing-Sys337" failures="0" tests="2" name="Schemavalidation.RestAssuredSchemaValidation" time="1.232" errors="0" timestamp="2025-05-31T14:18:41 IST" skipped="1">
  <testcase classname="Schemavalidation.RestAssuredSchemaValidation" name="SchemaValidationwithoutPath" time="1.232"/>
  <system-out/>
  <testcase classname="Schemavalidation.RestAssuredSchemaValidation" name="SchemaValidation">
    <skipped/>
  </testcase> <!-- SchemaValidation -->
  <system-out/>
</testsuite> <!-- Schemavalidation.RestAssuredSchemaValidation -->
