<?xml version="1.0" encoding="UTF-8"?>
<!-- Generated by org.testng.reporters.JUnitReportReporter -->
<testsuite hostname="Testing-Sys337" failures="0" tests="5" name="GetAllEmployeesBDD.GetEmp" time="0.929" errors="0" timestamp="2025-03-27T15:53:41 IST" skipped="4">
  <testcase classname="GetAllEmployeesBDD.GetEmp" name="deleteemp" time="0.929"/>
  <system-out/>
  <testcase classname="GetAllEmployeesBDD.GetEmp" name="updateemp">
    <skipped/>
  </testcase> <!-- updateemp -->
  <system-out/>
  <testcase classname="GetAllEmployeesBDD.GetEmp" name="GetEmployee">
    <skipped/>
  </testcase> <!-- GetEmployee -->
  <system-out/>
  <testcase classname="GetAllEmployeesBDD.GetEmp" name="createemployeebddjsonfile">
    <skipped/>
  </testcase> <!-- createemployeebddjsonfile -->
  <system-out/>
  <testcase classname="GetAllEmployeesBDD.GetEmp" name="createemp">
    <skipped/>
  </testcase> <!-- createemp -->
  <system-out/>
</testsuite> <!-- GetAllEmployeesBDD.GetEmp -->
