<?xml version="1.0" encoding="UTF-8"?>
<!-- Generated by org.testng.reporters.JUnitReportReporter -->
<testsuite hostname="Testing-Sys337" failures="0" tests="1" name="Schemavalidation.NetworkNTjsonschemavalidator" time="0.274" errors="0" timestamp="2025-06-02T10:23:25 IST" skipped="0">
  <testcase classname="Schemavalidation.NetworkNTjsonschemavalidator" name="Network" time="0.274"/>
  <system-out/>
</testsuite> <!-- Schemavalidation.NetworkNTjsonschemavalidator -->
