<?xml version="1.0" encoding="UTF-8"?>
<!-- Generated by org.testng.reporters.JUnitReportReporter -->
<testsuite hostname="Testing-Sys337" failures="0" tests="1" name="EnterEMSDetails.EMS" time="1.344" errors="0" timestamp="2025-05-27T10:09:28 IST" skipped="0">
  <testcase classname="EnterEMSDetails.EMS" name="Serialization" time="1.344"/>
  <system-out/>
</testsuite> <!-- EnterEMSDetails.EMS -->
