<?xml version="1.0" encoding="UTF-8"?>
<!-- Generated by org.testng.reporters.JUnitReportReporter -->
<testsuite hostname="Testing-Sys337" failures="0" tests="4" name="GetAllEmployees.GetEmployees" time="1.208" errors="0" timestamp="2025-03-24T18:14:41 IST" skipped="3">
  <testcase classname="GetAllEmployees.GetEmployees" name="deleteEmployee" time="1.208"/>
  <system-out/>
  <testcase classname="GetAllEmployees.GetEmployees" name="createemployee">
    <skipped/>
  </testcase> <!-- createemployee -->
  <system-out/>
  <testcase classname="GetAllEmployees.GetEmployees" name="updateemployees">
    <skipped/>
  </testcase> <!-- updateemployees -->
  <system-out/>
  <testcase classname="GetAllEmployees.GetEmployees" name="GetEmployee">
    <skipped/>
  </testcase> <!-- GetEmployee -->
  <system-out/>
</testsuite> <!-- GetAllEmployees.GetEmployees -->
