<?xml version="1.0" encoding="UTF-8"?>
<!-- Generated by org.testng.reporters.JUnitReportReporter -->
<testsuite hostname="Testing-Sys337" failures="0" tests="3" name="GetAllEmployees.GetEmployees" time="0.980" errors="0" timestamp="2025-03-24T17:32:22 IST" skipped="2">
  <testcase classname="GetAllEmployees.GetEmployees" name="updateemployees" time="0.980"/>
  <system-out/>
  <testcase classname="GetAllEmployees.GetEmployees" name="createemployee">
    <skipped/>
  </testcase> <!-- createemployee -->
  <system-out/>
  <testcase classname="GetAllEmployees.GetEmployees" name="GetEmployee">
    <skipped/>
  </testcase> <!-- GetEmployee -->
  <system-out/>
</testsuite> <!-- GetAllEmployees.GetEmployees -->
